2018-05-03 15:42:06,197 INFO o.a.j.u.JMeterUtils: Setting Locale to en_EN
2018-05-03 15:42:06,272 INFO o.a.j.JMeter: Loading user properties from: /usr/local/Cellar/jmeter/4.0/libexec/bin/user.properties
2018-05-03 15:42:06,274 INFO o.a.j.JMeter: Loading system properties from: /usr/local/Cellar/jmeter/4.0/libexec/bin/system.properties
2018-05-03 15:42:06,289 INFO o.a.j.JMeter: Copyright (c) 1998-2018 The Apache Software Foundation
2018-05-03 15:42:06,289 INFO o.a.j.JMeter: Version 4.0 r1823414
2018-05-03 15:42:06,289 INFO o.a.j.JMeter: java.version=1.8.0_171
2018-05-03 15:42:06,289 INFO o.a.j.JMeter: java.vm.name=Java HotSpot(TM) 64-Bit Server VM
2018-05-03 15:42:06,289 INFO o.a.j.JMeter: os.name=Mac OS X
2018-05-03 15:42:06,289 INFO o.a.j.JMeter: os.arch=x86_64
2018-05-03 15:42:06,290 INFO o.a.j.JMeter: os.version=10.13.4
2018-05-03 15:42:06,290 INFO o.a.j.JMeter: file.encoding=UTF-8
2018-05-03 15:42:06,290 INFO o.a.j.JMeter: Max memory     =1073741824
2018-05-03 15:42:06,290 INFO o.a.j.JMeter: Available Processors =4
2018-05-03 15:42:06,303 INFO o.a.j.JMeter: Default Locale=English (EN)
2018-05-03 15:42:06,304 INFO o.a.j.JMeter: JMeter  Locale=English (EN)
2018-05-03 15:42:06,304 INFO o.a.j.JMeter: JMeterHome=/usr/local/Cellar/jmeter/4.0/libexec
2018-05-03 15:42:06,304 INFO o.a.j.JMeter: user.dir  =/Users/chanatinatnakchang/Downloads/Workshop2
2018-05-03 15:42:06,304 INFO o.a.j.JMeter: PWD       =/Users/chanatinatnakchang/Downloads/Workshop2
2018-05-03 15:42:06,306 INFO o.a.j.JMeter: IP: 192.168.3.127 Name: Chanatinats-MacBook-Air.local FullName: 192.168.3.127
2018-05-03 15:42:09,702 INFO o.a.j.g.a.LookAndFeelCommand: Installing Darcula LAF
2018-05-03 15:42:09,749 INFO o.a.j.g.a.LookAndFeelCommand: Using look and feel: com.bulenkov.darcula.DarculaLaf [Darcula]
2018-05-03 15:42:09,750 INFO o.a.j.JMeter: Setting LAF to: com.bulenkov.darcula.DarculaLaf
2018-05-03 15:42:09,955 INFO o.a.j.JMeter: Loaded icon properties from org/apache/jmeter/images/icon.properties
2018-05-03 15:42:11,212 INFO o.a.j.e.u.CompoundVariable: Note: Function class names must contain the string: '.functions.'
2018-05-03 15:42:11,212 INFO o.a.j.e.u.CompoundVariable: Note: Function class names must not contain the string: '.gui.'
2018-05-03 15:42:14,678 INFO o.a.j.p.h.s.HTTPSamplerBase: Parser for text/html is org.apache.jmeter.protocol.http.parser.LagartoBasedHtmlParser
2018-05-03 15:42:14,679 INFO o.a.j.p.h.s.HTTPSamplerBase: Parser for application/xhtml+xml is org.apache.jmeter.protocol.http.parser.LagartoBasedHtmlParser
2018-05-03 15:42:14,679 INFO o.a.j.p.h.s.HTTPSamplerBase: Parser for application/xml is org.apache.jmeter.protocol.http.parser.LagartoBasedHtmlParser
2018-05-03 15:42:14,679 INFO o.a.j.p.h.s.HTTPSamplerBase: Parser for text/xml is org.apache.jmeter.protocol.http.parser.LagartoBasedHtmlParser
2018-05-03 15:42:14,680 INFO o.a.j.p.h.s.HTTPSamplerBase: Parser for text/vnd.wap.wml is org.apache.jmeter.protocol.http.parser.RegexpHTMLParser
2018-05-03 15:42:14,680 INFO o.a.j.p.h.s.HTTPSamplerBase: Parser for text/css is org.apache.jmeter.protocol.http.parser.CssParser
2018-05-03 15:42:15,201 INFO o.a.j.e.KeyToolUtils: keytool found at 'keytool'
2018-05-03 15:42:15,202 INFO o.a.j.p.h.p.ProxyControl: HTTP(S) Test Script Recorder SSL Proxy will use keys that support embedded 3rd party resources in file /usr/local/Cellar/jmeter/4.0/libexec/bin/proxyserver.jks
2018-05-03 15:42:15,359 INFO o.a.j.s.FileServer: Default base='/Users/chanatinatnakchang/Downloads/Workshop2'
2018-05-03 15:42:15,868 INFO o.a.j.s.SampleResult: Note: Sample TimeStamps are START times
2018-05-03 15:42:15,868 INFO o.a.j.s.SampleResult: sampleresult.default.encoding is set to ISO-8859-1
2018-05-03 15:42:15,868 INFO o.a.j.s.SampleResult: sampleresult.useNanoTime=true
2018-05-03 15:42:15,868 INFO o.a.j.s.SampleResult: sampleresult.nanoThreadSleep=5000
2018-05-03 15:43:11,681 INFO o.a.j.s.FileServer: Set new base='/Users/chanatinatnakchang/Downloads/Workshop2'
2018-05-03 15:43:11,995 INFO o.a.j.s.SaveService: Testplan (JMX) version: 2.2. Testlog (JTL) version: 2.2
2018-05-03 15:43:12,046 INFO o.a.j.s.SaveService: Using SaveService properties file encoding UTF-8
2018-05-03 15:43:12,047 INFO o.a.j.s.SaveService: Using SaveService properties version 4.0
